"Severity","ThreadID","Date","Time","Application","Message"
"ERROR","web-0","12/01/2011","16:09:07","","datasource [fgbc_main_3] doesn't exist
	at railo.runtime.config.ConfigImpl.getDataSource(ConfigImpl.java:2464):2464
	at railo.runtime.db.DatasourceManagerImpl.getConnection(DatasourceManagerImpl.java:44):44
	at railo.runtime.tag.Query.executeDatasoure(Query.java:574):574
	at railo.runtime.tag.Query.doEndTag(Query.java:430):430
	at control_cfc$cf.udfCall1(/home/fgbcalur/public_html/imagine/control.cfc:143):143
	at control_cfc$cf.udfCall(/home/fgbcalur/public_html/imagine/control.cfc):-1
	at railo.runtime.type.UDFImpl.implementation(UDFImpl.java:214):214
	at railo.runtime.type.UDFImpl._call(UDFImpl.java:418):418
	at railo.runtime.type.UDFImpl.callWithNamedValues(UDFImpl.java:376):376
	at railo.runtime.ComponentImpl._call(ComponentImpl.java:610):610
	at railo.runtime.ComponentImpl._call(ComponentImpl.java:496):496
	at railo.runtime.ComponentImpl.callWithNamedValues(ComponentImpl.java:1809):1809
	at railo.runtime.tag.Invoke.doComponent(Invoke.java:210):210
	at railo.runtime.tag.Invoke.doEndTag(Invoke.java:183):183
	at checkin_cfm$cf.call(/home/fgbcalur/public_html/imagine/checkin.cfm:6):6
	at railo.runtime.PageContextImpl.doInclude(PageContextImpl.java:762):762
	at railo.runtime.listener.ModernAppListener._onRequest(ModernAppListener.java:179):179
	at railo.runtime.listener.MixedAppListener.onRequest(MixedAppListener.java:23):23
	at railo.runtime.PageContextImpl.execute(PageContextImpl.java:1991):1991
	at railo.runtime.PageContextImpl.execute(PageContextImpl.java:1958):1958
	at railo.runtime.engine.CFMLEngineImpl.serviceCFML(CFMLEngineImpl.java:297):297
	at railo.loader.servlet.CFMLServlet.service(CFMLServlet.java:32):32
	at javax.servlet.http.HttpServlet.service(HttpServlet.java:91):91
	at com.caucho.server.dispatch.ServletFilterChain.doFilter(ServletFilterChain.java:103):103
	at com.intergral.fusionreactor.filter.FusionReactorFilter.b(FusionReactorFilter.java:376):376
	at com.intergral.fusionreactor.filter.FusionReactorFilter.c(FusionReactorFilter.java:254):254
	at com.intergral.fusionreactor.filter.FusionReactorFilter.doFilter(FusionReactorFilter.java:164):164
	at com.caucho.server.dispatch.FilterFilterChain.doFilter(FilterFilterChain.java:87):87
	at com.caucho.server.webapp.WebAppFilterChain.doFilter(WebAppFilterChain.java:187):187
	at com.caucho.server.dispatch.ServletInvocation.service(ServletInvocation.java:265):265
	at com.caucho.server.hmux.HmuxRequest.handleRequest(HmuxRequest.java:436):436
	at com.caucho.server.port.TcpConnection.run(TcpConnection.java:682):682
	at com.caucho.util.ThreadPool$Item.runTasks(ThreadPool.java:743):743
	at com.caucho.util.ThreadPool$Item.run(ThreadPool.java:662):662
	at java.lang.Thread.run(Thread.java:662):662
"
"ERROR","web-0","12/01/2011","16:11:07","","datasource [fgbc_main_3] doesn't exist
	at railo.runtime.config.ConfigImpl.getDataSource(ConfigImpl.java:2464):2464
	at railo.runtime.db.DatasourceManagerImpl.getConnection(DatasourceManagerImpl.java:44):44
	at railo.runtime.tag.Query.executeDatasoure(Query.java:574):574
	at railo.runtime.tag.Query.doEndTag(Query.java:430):430
	at fbx_utils_cfm$cf.call(/home/fgbcalur/public_html/imagine/fbx_utils.cfm:21):21
	at railo.runtime.PageContextImpl.doInclude(PageContextImpl.java:762):762
	at railo.runtime.PageContextImpl.doInclude(PageContextImpl.java:715):715
	at index_cfm$cf.call(/home/fgbcalur/public_html/imagine/index.cfm:45):45
	at railo.runtime.PageContextImpl.doInclude(PageContextImpl.java:762):762
	at railo.runtime.listener.ModernAppListener._onRequest(ModernAppListener.java:179):179
	at railo.runtime.listener.MixedAppListener.onRequest(MixedAppListener.java:23):23
	at railo.runtime.PageContextImpl.execute(PageContextImpl.java:1991):1991
	at railo.runtime.PageContextImpl.execute(PageContextImpl.java:1958):1958
	at railo.runtime.engine.CFMLEngineImpl.serviceCFML(CFMLEngineImpl.java:297):297
	at railo.loader.servlet.CFMLServlet.service(CFMLServlet.java:32):32
	at javax.servlet.http.HttpServlet.service(HttpServlet.java:91):91
	at com.caucho.server.dispatch.ServletFilterChain.doFilter(ServletFilterChain.java:103):103
	at com.intergral.fusionreactor.filter.FusionReactorFilter.b(FusionReactorFilter.java:376):376
	at com.intergral.fusionreactor.filter.FusionReactorFilter.c(FusionReactorFilter.java:254):254
	at com.intergral.fusionreactor.filter.FusionReactorFilter.doFilter(FusionReactorFilter.java:164):164
	at com.caucho.server.dispatch.FilterFilterChain.doFilter(FilterFilterChain.java:87):87
	at com.caucho.server.webapp.WebAppFilterChain.doFilter(WebAppFilterChain.java:187):187
	at com.caucho.server.dispatch.ServletInvocation.service(ServletInvocation.java:265):265
	at com.caucho.server.hmux.HmuxRequest.handleRequest(HmuxRequest.java:436):436
	at com.caucho.server.port.TcpConnection.run(TcpConnection.java:682):682
	at com.caucho.util.ThreadPool$Item.runTasks(ThreadPool.java:743):743
	at com.caucho.util.ThreadPool$Item.run(ThreadPool.java:662):662
	at java.lang.Thread.run(Thread.java:662):662
"
"ERROR","web-0","12/01/2011","16:12:57","","datasource [fgbc_main_3] doesn't exist
	at railo.runtime.config.ConfigImpl.getDataSource(ConfigImpl.java:2464):2464
	at railo.runtime.db.DatasourceManagerImpl.getConnection(DatasourceManagerImpl.java:44):44
	at railo.runtime.tag.Query.executeDatasoure(Query.java:574):574
	at railo.runtime.tag.Query.doEndTag(Query.java:430):430
	at control_cfc$cf.udfCall1(/home/fgbcalur/public_html/imagine/control.cfc:143):143
	at control_cfc$cf.udfCall(/home/fgbcalur/public_html/imagine/control.cfc):-1
	at railo.runtime.type.UDFImpl.implementation(UDFImpl.java:214):214
	at railo.runtime.type.UDFImpl._call(UDFImpl.java:418):418
	at railo.runtime.type.UDFImpl.callWithNamedValues(UDFImpl.java:376):376
	at railo.runtime.ComponentImpl._call(ComponentImpl.java:610):610
	at railo.runtime.ComponentImpl._call(ComponentImpl.java:496):496
	at railo.runtime.ComponentImpl.callWithNamedValues(ComponentImpl.java:1809):1809
	at railo.runtime.tag.Invoke.doComponent(Invoke.java:210):210
	at railo.runtime.tag.Invoke.doEndTag(Invoke.java:183):183
	at checkin_cfm$cf.call(/home/fgbcalur/public_html/imagine/checkin.cfm:6):6
	at railo.runtime.PageContextImpl.doInclude(PageContextImpl.java:762):762
	at railo.runtime.listener.ModernAppListener._onRequest(ModernAppListener.java:179):179
	at railo.runtime.listener.MixedAppListener.onRequest(MixedAppListener.java:23):23
	at railo.runtime.PageContextImpl.execute(PageContextImpl.java:1991):1991
	at railo.runtime.PageContextImpl.execute(PageContextImpl.java:1958):1958
	at railo.runtime.engine.CFMLEngineImpl.serviceCFML(CFMLEngineImpl.java:297):297
	at railo.loader.servlet.CFMLServlet.service(CFMLServlet.java:32):32
	at javax.servlet.http.HttpServlet.service(HttpServlet.java:91):91
	at com.caucho.server.dispatch.ServletFilterChain.doFilter(ServletFilterChain.java:103):103
	at com.intergral.fusionreactor.filter.FusionReactorFilter.b(FusionReactorFilter.java:376):376
	at com.intergral.fusionreactor.filter.FusionReactorFilter.c(FusionReactorFilter.java:254):254
	at com.intergral.fusionreactor.filter.FusionReactorFilter.doFilter(FusionReactorFilter.java:164):164
	at com.caucho.server.dispatch.FilterFilterChain.doFilter(FilterFilterChain.java:87):87
	at com.caucho.server.webapp.WebAppFilterChain.doFilter(WebAppFilterChain.java:187):187
	at com.caucho.server.dispatch.ServletInvocation.service(ServletInvocation.java:265):265
	at com.caucho.server.hmux.HmuxRequest.handleRequest(HmuxRequest.java:436):436
	at com.caucho.server.port.TcpConnection.run(TcpConnection.java:682):682
	at com.caucho.util.ThreadPool$Item.runTasks(ThreadPool.java:743):743
	at com.caucho.util.ThreadPool$Item.run(ThreadPool.java:662):662
	at java.lang.Thread.run(Thread.java:662):662
"
"ERROR","web-0","12/01/2011","16:13:51","","datasource [fgbc_main_3] doesn't exist
	at railo.runtime.config.ConfigImpl.getDataSource(ConfigImpl.java:2464):2464
	at railo.runtime.db.DatasourceManagerImpl.getConnection(DatasourceManagerImpl.java:44):44
	at railo.runtime.tag.Query.executeDatasoure(Query.java:574):574
	at railo.runtime.tag.Query.doEndTag(Query.java:430):430
	at fbx_utils_cfm$cf.call(/home/fgbcalur/public_html/imagine/fbx_utils.cfm:21):21
	at railo.runtime.PageContextImpl.doInclude(PageContextImpl.java:762):762
	at railo.runtime.PageContextImpl.doInclude(PageContextImpl.java:715):715
	at index_cfm$cf.call(/home/fgbcalur/public_html/imagine/index.cfm:45):45
	at railo.runtime.PageContextImpl.doInclude(PageContextImpl.java:762):762
	at railo.runtime.listener.ModernAppListener._onRequest(ModernAppListener.java:179):179
	at railo.runtime.listener.MixedAppListener.onRequest(MixedAppListener.java:23):23
	at railo.runtime.PageContextImpl.execute(PageContextImpl.java:1991):1991
	at railo.runtime.PageContextImpl.execute(PageContextImpl.java:1958):1958
	at railo.runtime.engine.CFMLEngineImpl.serviceCFML(CFMLEngineImpl.java:297):297
	at railo.loader.servlet.CFMLServlet.service(CFMLServlet.java:32):32
	at javax.servlet.http.HttpServlet.service(HttpServlet.java:91):91
	at com.caucho.server.dispatch.ServletFilterChain.doFilter(ServletFilterChain.java:103):103
	at com.intergral.fusionreactor.filter.FusionReactorFilter.b(FusionReactorFilter.java:376):376
	at com.intergral.fusionreactor.filter.FusionReactorFilter.c(FusionReactorFilter.java:254):254
	at com.intergral.fusionreactor.filter.FusionReactorFilter.doFilter(FusionReactorFilter.java:164):164
	at com.caucho.server.dispatch.FilterFilterChain.doFilter(FilterFilterChain.java:87):87
	at com.caucho.server.webapp.WebAppFilterChain.doFilter(WebAppFilterChain.java:187):187
	at com.caucho.server.dispatch.ServletInvocation.service(ServletInvocation.java:265):265
	at com.caucho.server.hmux.HmuxRequest.handleRequest(HmuxRequest.java:436):436
	at com.caucho.server.port.TcpConnection.run(TcpConnection.java:682):682
	at com.caucho.util.ThreadPool$Item.runTasks(ThreadPool.java:743):743
	at com.caucho.util.ThreadPool$Item.run(ThreadPool.java:662):662
	at java.lang.Thread.run(Thread.java:662):662
"
"ERROR","web-0","12/01/2011","16:17:13","","datasource [fgbc_main_3] doesn't exist
	at railo.runtime.config.ConfigImpl.getDataSource(ConfigImpl.java:2464):2464
	at railo.runtime.db.DatasourceManagerImpl.getConnection(DatasourceManagerImpl.java:44):44
	at railo.runtime.tag.Query.executeDatasoure(Query.java:574):574
	at railo.runtime.tag.Query.doEndTag(Query.java:430):430
	at fbx_utils_cfm$cf.call(/home/fgbcalur/public_html/imagine/fbx_utils.cfm:21):21
	at railo.runtime.PageContextImpl.doInclude(PageContextImpl.java:762):762
	at railo.runtime.PageContextImpl.doInclude(PageContextImpl.java:715):715
	at index_cfm$cf.call(/home/fgbcalur/public_html/imagine/index.cfm:45):45
	at railo.runtime.PageContextImpl.doInclude(PageContextImpl.java:762):762
	at railo.runtime.listener.ModernAppListener._onRequest(ModernAppListener.java:179):179
	at railo.runtime.listener.MixedAppListener.onRequest(MixedAppListener.java:23):23
	at railo.runtime.PageContextImpl.execute(PageContextImpl.java:1991):1991
	at railo.runtime.PageContextImpl.execute(PageContextImpl.java:1958):1958
	at railo.runtime.engine.CFMLEngineImpl.serviceCFML(CFMLEngineImpl.java:297):297
	at railo.loader.servlet.CFMLServlet.service(CFMLServlet.java:32):32
	at javax.servlet.http.HttpServlet.service(HttpServlet.java:91):91
	at com.caucho.server.dispatch.ServletFilterChain.doFilter(ServletFilterChain.java:103):103
	at com.intergral.fusionreactor.filter.FusionReactorFilter.b(FusionReactorFilter.java:376):376
	at com.intergral.fusionreactor.filter.FusionReactorFilter.c(FusionReactorFilter.java:254):254
	at com.intergral.fusionreactor.filter.FusionReactorFilter.doFilter(FusionReactorFilter.java:164):164
	at com.caucho.server.dispatch.FilterFilterChain.doFilter(FilterFilterChain.java:87):87
	at com.caucho.server.webapp.WebAppFilterChain.doFilter(WebAppFilterChain.java:187):187
	at com.caucho.server.dispatch.ServletInvocation.service(ServletInvocation.java:265):265
	at com.caucho.server.hmux.HmuxRequest.handleRequest(HmuxRequest.java:436):436
	at com.caucho.server.port.TcpConnection.run(TcpConnection.java:682):682
	at com.caucho.util.ThreadPool$Item.runTasks(ThreadPool.java:743):743
	at com.caucho.util.ThreadPool$Item.run(ThreadPool.java:662):662
	at java.lang.Thread.run(Thread.java:662):662
"
"ERROR","web-0","12/01/2011","16:17:21","","datasource [fgbc_main_3] doesn't exist
	at railo.runtime.config.ConfigImpl.getDataSource(ConfigImpl.java:2464):2464
	at railo.runtime.db.DatasourceManagerImpl.getConnection(DatasourceManagerImpl.java:44):44
	at railo.runtime.tag.Query.executeDatasoure(Query.java:574):574
	at railo.runtime.tag.Query.doEndTag(Query.java:430):430
	at control_cfc$cf.udfCall1(/home/fgbcalur/public_html/imagine/control.cfc:143):143
	at control_cfc$cf.udfCall(/home/fgbcalur/public_html/imagine/control.cfc):-1
	at railo.runtime.type.UDFImpl.implementation(UDFImpl.java:214):214
	at railo.runtime.type.UDFImpl._call(UDFImpl.java:418):418
	at railo.runtime.type.UDFImpl.callWithNamedValues(UDFImpl.java:376):376
	at railo.runtime.ComponentImpl._call(ComponentImpl.java:610):610
	at railo.runtime.ComponentImpl._call(ComponentImpl.java:496):496
	at railo.runtime.ComponentImpl.callWithNamedValues(ComponentImpl.java:1809):1809
	at railo.runtime.tag.Invoke.doComponent(Invoke.java:210):210
	at railo.runtime.tag.Invoke.doEndTag(Invoke.java:183):183
	at checkin_cfm$cf.call(/home/fgbcalur/public_html/imagine/checkin.cfm:6):6
	at railo.runtime.PageContextImpl.doInclude(PageContextImpl.java:762):762
	at railo.runtime.listener.ModernAppListener._onRequest(ModernAppListener.java:179):179
	at railo.runtime.listener.MixedAppListener.onRequest(MixedAppListener.java:23):23
	at railo.runtime.PageContextImpl.execute(PageContextImpl.java:1991):1991
	at railo.runtime.PageContextImpl.execute(PageContextImpl.java:1958):1958
	at railo.runtime.engine.CFMLEngineImpl.serviceCFML(CFMLEngineImpl.java:297):297
	at railo.loader.servlet.CFMLServlet.service(CFMLServlet.java:32):32
	at javax.servlet.http.HttpServlet.service(HttpServlet.java:91):91
	at com.caucho.server.dispatch.ServletFilterChain.doFilter(ServletFilterChain.java:103):103
	at com.intergral.fusionreactor.filter.FusionReactorFilter.b(FusionReactorFilter.java:376):376
	at com.intergral.fusionreactor.filter.FusionReactorFilter.c(FusionReactorFilter.java:254):254
	at com.intergral.fusionreactor.filter.FusionReactorFilter.doFilter(FusionReactorFilter.java:164):164
	at com.caucho.server.dispatch.FilterFilterChain.doFilter(FilterFilterChain.java:87):87
	at com.caucho.server.webapp.WebAppFilterChain.doFilter(WebAppFilterChain.java:187):187
	at com.caucho.server.dispatch.ServletInvocation.service(ServletInvocation.java:265):265
	at com.caucho.server.hmux.HmuxRequest.handleRequest(HmuxRequest.java:436):436
	at com.caucho.server.port.TcpConnection.run(TcpConnection.java:682):682
	at com.caucho.util.ThreadPool$Item.runTasks(ThreadPool.java:743):743
	at com.caucho.util.ThreadPool$Item.run(ThreadPool.java:662):662
	at java.lang.Thread.run(Thread.java:662):662
"
"ERROR","web-0","12/01/2011","16:18:22","","datasource [fgbc_main_3] doesn't exist
	at railo.runtime.config.ConfigImpl.getDataSource(ConfigImpl.java:2464):2464
	at railo.runtime.db.DatasourceManagerImpl.getConnection(DatasourceManagerImpl.java:44):44
	at railo.runtime.tag.Query.executeDatasoure(Query.java:574):574
	at railo.runtime.tag.Query.doEndTag(Query.java:430):430
	at control_cfc$cf.udfCall1(/home/fgbcalur/public_html/imagine/control.cfc:143):143
	at control_cfc$cf.udfCall(/home/fgbcalur/public_html/imagine/control.cfc):-1
	at railo.runtime.type.UDFImpl.implementation(UDFImpl.java:214):214
	at railo.runtime.type.UDFImpl._call(UDFImpl.java:418):418
	at railo.runtime.type.UDFImpl.callWithNamedValues(UDFImpl.java:376):376
	at railo.runtime.ComponentImpl._call(ComponentImpl.java:610):610
	at railo.runtime.ComponentImpl._call(ComponentImpl.java:496):496
	at railo.runtime.ComponentImpl.callWithNamedValues(ComponentImpl.java:1809):1809
	at railo.runtime.tag.Invoke.doComponent(Invoke.java:210):210
	at railo.runtime.tag.Invoke.doEndTag(Invoke.java:183):183
	at checkin_cfm$cf.call(/home/fgbcalur/public_html/imagine/checkin.cfm:6):6
	at railo.runtime.PageContextImpl.doInclude(PageContextImpl.java:762):762
	at railo.runtime.listener.ModernAppListener._onRequest(ModernAppListener.java:179):179
	at railo.runtime.listener.MixedAppListener.onRequest(MixedAppListener.java:23):23
	at railo.runtime.PageContextImpl.execute(PageContextImpl.java:1991):1991
	at railo.runtime.PageContextImpl.execute(PageContextImpl.java:1958):1958
	at railo.runtime.engine.CFMLEngineImpl.serviceCFML(CFMLEngineImpl.java:297):297
	at railo.loader.servlet.CFMLServlet.service(CFMLServlet.java:32):32
	at javax.servlet.http.HttpServlet.service(HttpServlet.java:91):91
	at com.caucho.server.dispatch.ServletFilterChain.doFilter(ServletFilterChain.java:103):103
	at com.intergral.fusionreactor.filter.FusionReactorFilter.b(FusionReactorFilter.java:376):376
	at com.intergral.fusionreactor.filter.FusionReactorFilter.c(FusionReactorFilter.java:254):254
	at com.intergral.fusionreactor.filter.FusionReactorFilter.doFilter(FusionReactorFilter.java:164):164
	at com.caucho.server.dispatch.FilterFilterChain.doFilter(FilterFilterChain.java:87):87
	at com.caucho.server.webapp.WebAppFilterChain.doFilter(WebAppFilterChain.java:187):187
	at com.caucho.server.dispatch.ServletInvocation.service(ServletInvocation.java:265):265
	at com.caucho.server.hmux.HmuxRequest.handleRequest(HmuxRequest.java:436):436
	at com.caucho.server.port.TcpConnection.run(TcpConnection.java:682):682
	at com.caucho.util.ThreadPool$Item.runTasks(ThreadPool.java:743):743
	at com.caucho.util.ThreadPool$Item.run(ThreadPool.java:662):662
	at java.lang.Thread.run(Thread.java:662):662
"
"ERROR","web-0","12/01/2011","16:18:27","","datasource [fgbc_main_3] doesn't exist
	at railo.runtime.config.ConfigImpl.getDataSource(ConfigImpl.java:2464):2464
	at railo.runtime.db.DatasourceManagerImpl.getConnection(DatasourceManagerImpl.java:44):44
	at railo.runtime.tag.Query.executeDatasoure(Query.java:574):574
	at railo.runtime.tag.Query.doEndTag(Query.java:430):430
	at control_cfc$cf.udfCall1(/home/fgbcalur/public_html/imagine/control.cfc:143):143
	at control_cfc$cf.udfCall(/home/fgbcalur/public_html/imagine/control.cfc):-1
	at railo.runtime.type.UDFImpl.implementation(UDFImpl.java:214):214
	at railo.runtime.type.UDFImpl._call(UDFImpl.java:418):418
	at railo.runtime.type.UDFImpl.callWithNamedValues(UDFImpl.java:376):376
	at railo.runtime.ComponentImpl._call(ComponentImpl.java:610):610
	at railo.runtime.ComponentImpl._call(ComponentImpl.java:496):496
	at railo.runtime.ComponentImpl.callWithNamedValues(ComponentImpl.java:1809):1809
	at railo.runtime.tag.Invoke.doComponent(Invoke.java:210):210
	at railo.runtime.tag.Invoke.doEndTag(Invoke.java:183):183
	at checkin_cfm$cf.call(/home/fgbcalur/public_html/imagine/checkin.cfm:6):6
	at railo.runtime.PageContextImpl.doInclude(PageContextImpl.java:762):762
	at railo.runtime.listener.ModernAppListener._onRequest(ModernAppListener.java:179):179
	at railo.runtime.listener.MixedAppListener.onRequest(MixedAppListener.java:23):23
	at railo.runtime.PageContextImpl.execute(PageContextImpl.java:1991):1991
	at railo.runtime.PageContextImpl.execute(PageContextImpl.java:1958):1958
	at railo.runtime.engine.CFMLEngineImpl.serviceCFML(CFMLEngineImpl.java:297):297
	at railo.loader.servlet.CFMLServlet.service(CFMLServlet.java:32):32
	at javax.servlet.http.HttpServlet.service(HttpServlet.java:91):91
	at com.caucho.server.dispatch.ServletFilterChain.doFilter(ServletFilterChain.java:103):103
	at com.intergral.fusionreactor.filter.FusionReactorFilter.b(FusionReactorFilter.java:376):376
	at com.intergral.fusionreactor.filter.FusionReactorFilter.c(FusionReactorFilter.java:254):254
	at com.intergral.fusionreactor.filter.FusionReactorFilter.doFilter(FusionReactorFilter.java:164):164
	at com.caucho.server.dispatch.FilterFilterChain.doFilter(FilterFilterChain.java:87):87
	at com.caucho.server.webapp.WebAppFilterChain.doFilter(WebAppFilterChain.java:187):187
	at com.caucho.server.dispatch.ServletInvocation.service(ServletInvocation.java:265):265
	at com.caucho.server.hmux.HmuxRequest.handleRequest(HmuxRequest.java:436):436
	at com.caucho.server.port.TcpConnection.run(TcpConnection.java:682):682
	at com.caucho.util.ThreadPool$Item.runTasks(ThreadPool.java:743):743
	at com.caucho.util.ThreadPool$Item.run(ThreadPool.java:662):662
	at java.lang.Thread.run(Thread.java:662):662
"
"ERROR","web-0","12/01/2011","16:18:36","","datasource [fgbc_main_3] doesn't exist
	at railo.runtime.config.ConfigImpl.getDataSource(ConfigImpl.java:2464):2464
	at railo.runtime.db.DatasourceManagerImpl.getConnection(DatasourceManagerImpl.java:44):44
	at railo.runtime.tag.Query.executeDatasoure(Query.java:574):574
	at railo.runtime.tag.Query.doEndTag(Query.java:430):430
	at control_cfc$cf.udfCall1(/home/fgbcalur/public_html/imagine/control.cfc:143):143
	at control_cfc$cf.udfCall(/home/fgbcalur/public_html/imagine/control.cfc):-1
	at railo.runtime.type.UDFImpl.implementation(UDFImpl.java:214):214
	at railo.runtime.type.UDFImpl._call(UDFImpl.java:418):418
	at railo.runtime.type.UDFImpl.callWithNamedValues(UDFImpl.java:376):376
	at railo.runtime.ComponentImpl._call(ComponentImpl.java:610):610
	at railo.runtime.ComponentImpl._call(ComponentImpl.java:496):496
	at railo.runtime.ComponentImpl.callWithNamedValues(ComponentImpl.java:1809):1809
	at railo.runtime.tag.Invoke.doComponent(Invoke.java:210):210
	at railo.runtime.tag.Invoke.doEndTag(Invoke.java:183):183
	at checkin_cfm$cf.call(/home/fgbcalur/public_html/imagine/checkin.cfm:6):6
	at railo.runtime.PageContextImpl.doInclude(PageContextImpl.java:762):762
	at railo.runtime.listener.ModernAppListener._onRequest(ModernAppListener.java:179):179
	at railo.runtime.listener.MixedAppListener.onRequest(MixedAppListener.java:23):23
	at railo.runtime.PageContextImpl.execute(PageContextImpl.java:1991):1991
	at railo.runtime.PageContextImpl.execute(PageContextImpl.java:1958):1958
	at railo.runtime.engine.CFMLEngineImpl.serviceCFML(CFMLEngineImpl.java:297):297
	at railo.loader.servlet.CFMLServlet.service(CFMLServlet.java:32):32
	at javax.servlet.http.HttpServlet.service(HttpServlet.java:91):91
	at com.caucho.server.dispatch.ServletFilterChain.doFilter(ServletFilterChain.java:103):103
	at com.intergral.fusionreactor.filter.FusionReactorFilter.b(FusionReactorFilter.java:376):376
	at com.intergral.fusionreactor.filter.FusionReactorFilter.c(FusionReactorFilter.java:254):254
	at com.intergral.fusionreactor.filter.FusionReactorFilter.doFilter(FusionReactorFilter.java:164):164
	at com.caucho.server.dispatch.FilterFilterChain.doFilter(FilterFilterChain.java:87):87
	at com.caucho.server.webapp.WebAppFilterChain.doFilter(WebAppFilterChain.java:187):187
	at com.caucho.server.dispatch.ServletInvocation.service(ServletInvocation.java:265):265
	at com.caucho.server.hmux.HmuxRequest.handleRequest(HmuxRequest.java:436):436
	at com.caucho.server.port.TcpConnection.run(TcpConnection.java:682):682
	at com.caucho.util.ThreadPool$Item.runTasks(ThreadPool.java:743):743
	at com.caucho.util.ThreadPool$Item.run(ThreadPool.java:662):662
	at java.lang.Thread.run(Thread.java:662):662
"
"ERROR","web-0","12/01/2011","16:22:55","","datasource [fgbc_main_3] doesn't exist
	at railo.runtime.config.ConfigImpl.getDataSource(ConfigImpl.java:2464):2464
	at railo.runtime.db.DatasourceManagerImpl.getConnection(DatasourceManagerImpl.java:44):44
	at railo.runtime.tag.Query.executeDatasoure(Query.java:574):574
	at railo.runtime.tag.Query.doEndTag(Query.java:430):430
	at fbx_utils_cfm$cf.call(/home/fgbcalur/public_html/imagine/fbx_utils.cfm:21):21
	at railo.runtime.PageContextImpl.doInclude(PageContextImpl.java:762):762
	at railo.runtime.PageContextImpl.doInclude(PageContextImpl.java:715):715
	at index_cfm$cf.call(/home/fgbcalur/public_html/imagine/index.cfm:45):45
	at railo.runtime.PageContextImpl.doInclude(PageContextImpl.java:762):762
	at railo.runtime.listener.ModernAppListener._onRequest(ModernAppListener.java:179):179
	at railo.runtime.listener.MixedAppListener.onRequest(MixedAppListener.java:23):23
	at railo.runtime.PageContextImpl.execute(PageContextImpl.java:1991):1991
	at railo.runtime.PageContextImpl.execute(PageContextImpl.java:1958):1958
	at railo.runtime.engine.CFMLEngineImpl.serviceCFML(CFMLEngineImpl.java:297):297
	at railo.loader.servlet.CFMLServlet.service(CFMLServlet.java:32):32
	at javax.servlet.http.HttpServlet.service(HttpServlet.java:91):91
	at com.caucho.server.dispatch.ServletFilterChain.doFilter(ServletFilterChain.java:103):103
	at com.intergral.fusionreactor.filter.FusionReactorFilter.b(FusionReactorFilter.java:376):376
	at com.intergral.fusionreactor.filter.FusionReactorFilter.c(FusionReactorFilter.java:254):254
	at com.intergral.fusionreactor.filter.FusionReactorFilter.doFilter(FusionReactorFilter.java:164):164
	at com.caucho.server.dispatch.FilterFilterChain.doFilter(FilterFilterChain.java:87):87
	at com.caucho.server.webapp.WebAppFilterChain.doFilter(WebAppFilterChain.java:187):187
	at com.caucho.server.dispatch.ServletInvocation.service(ServletInvocation.java:265):265
	at com.caucho.server.hmux.HmuxRequest.handleRequest(HmuxRequest.java:436):436
	at com.caucho.server.port.TcpConnection.run(TcpConnection.java:682):682
	at com.caucho.util.ThreadPool$Item.runTasks(ThreadPool.java:743):743
	at com.caucho.util.ThreadPool$Item.run(ThreadPool.java:662):662
	at java.lang.Thread.run(Thread.java:662):662
"
"ERROR","web-0","01/20/2012","07:33:19","","datasource [fgbc_main_3] doesn't exist
	at railo.runtime.config.ConfigImpl.getDataSource(ConfigImpl.java:2464):2464
	at railo.runtime.db.DatasourceManagerImpl.getConnection(DatasourceManagerImpl.java:44):44
	at railo.runtime.tag.Query.executeDatasoure(Query.java:574):574
	at railo.runtime.tag.Query.doEndTag(Query.java:430):430
	at control_cfc$cf.udfCall1(/home/fgbcalur/public_html/imagine/control.cfc:143):143
	at control_cfc$cf.udfCall(/home/fgbcalur/public_html/imagine/control.cfc):-1
	at railo.runtime.type.UDFImpl.implementation(UDFImpl.java:214):214
	at railo.runtime.type.UDFImpl._call(UDFImpl.java:418):418
	at railo.runtime.type.UDFImpl.callWithNamedValues(UDFImpl.java:376):376
	at railo.runtime.ComponentImpl._call(ComponentImpl.java:610):610
	at railo.runtime.ComponentImpl._call(ComponentImpl.java:496):496
	at railo.runtime.ComponentImpl.callWithNamedValues(ComponentImpl.java:1809):1809
	at railo.runtime.tag.Invoke.doComponent(Invoke.java:210):210
	at railo.runtime.tag.Invoke.doEndTag(Invoke.java:183):183
	at checkin_cfm$cf.call(/home/fgbcalur/public_html/imagine/checkin.cfm:6):6
	at railo.runtime.PageContextImpl.doInclude(PageContextImpl.java:762):762
	at railo.runtime.listener.ModernAppListener._onRequest(ModernAppListener.java:179):179
	at railo.runtime.listener.MixedAppListener.onRequest(MixedAppListener.java:23):23
	at railo.runtime.PageContextImpl.execute(PageContextImpl.java:1991):1991
	at railo.runtime.PageContextImpl.execute(PageContextImpl.java:1958):1958
	at railo.runtime.engine.CFMLEngineImpl.serviceCFML(CFMLEngineImpl.java:297):297
	at railo.loader.servlet.CFMLServlet.service(CFMLServlet.java:32):32
	at javax.servlet.http.HttpServlet.service(HttpServlet.java:91):91
	at com.caucho.server.dispatch.ServletFilterChain.doFilter(ServletFilterChain.java:103):103
	at com.intergral.fusionreactor.filter.FusionReactorFilter.b(FusionReactorFilter.java:376):376
	at com.intergral.fusionreactor.filter.FusionReactorFilter.c(FusionReactorFilter.java:254):254
	at com.intergral.fusionreactor.filter.FusionReactorFilter.doFilter(FusionReactorFilter.java:164):164
	at com.caucho.server.dispatch.FilterFilterChain.doFilter(FilterFilterChain.java:87):87
	at com.caucho.server.webapp.WebAppFilterChain.doFilter(WebAppFilterChain.java:187):187
	at com.caucho.server.dispatch.ServletInvocation.service(ServletInvocation.java:265):265
	at com.caucho.server.hmux.HmuxRequest.handleRequest(HmuxRequest.java:436):436
	at com.caucho.server.port.TcpConnection.run(TcpConnection.java:682):682
	at com.caucho.util.ThreadPool$Item.runTasks(ThreadPool.java:743):743
	at com.caucho.util.ThreadPool$Item.run(ThreadPool.java:662):662
	at java.lang.Thread.run(Thread.java:662):662
"
"ERROR","web-0","09/09/2012","06:09:36","","datasource [fgbc_main_3] doesn't exist
	at railo.runtime.config.ConfigImpl.getDataSource(ConfigImpl.java:2474):2474
	at railo.runtime.tag.Query.setDatasource(Query.java:214):214
	at fbx_utils_cfm$cf.call(/home/fgbcalur/public_html/imagine/fbx_utils.cfm:16):16
	at railo.runtime.PageContextImpl.doInclude(PageContextImpl.java:760):760
	at railo.runtime.PageContextImpl.doInclude(PageContextImpl.java:714):714
	at index_cfm$cf.call(/home/fgbcalur/public_html/imagine/index.cfm:45):45
	at railo.runtime.PageContextImpl.doInclude(PageContextImpl.java:760):760
	at railo.runtime.listener.ModernAppListener._onRequest(ModernAppListener.java:179):179
	at railo.runtime.listener.MixedAppListener.onRequest(MixedAppListener.java:23):23
	at railo.runtime.PageContextImpl.execute(PageContextImpl.java:1996):1996
	at railo.runtime.PageContextImpl.execute(PageContextImpl.java:1963):1963
	at railo.runtime.engine.CFMLEngineImpl.serviceCFML(CFMLEngineImpl.java:297):297
	at railo.loader.servlet.CFMLServlet.service(CFMLServlet.java:32):32
	at javax.servlet.http.HttpServlet.service(HttpServlet.java:91):91
	at com.caucho.server.dispatch.ServletFilterChain.doFilter(ServletFilterChain.java:103):103
	at com.intergral.fusionreactor.filter.FusionReactorFilter.b(FusionReactorFilter.java:376):376
	at com.intergral.fusionreactor.filter.FusionReactorFilter.c(FusionReactorFilter.java:254):254
	at com.intergral.fusionreactor.filter.FusionReactorFilter.doFilter(FusionReactorFilter.java:164):164
	at com.caucho.server.dispatch.FilterFilterChain.doFilter(FilterFilterChain.java:87):87
	at com.caucho.server.webapp.WebAppFilterChain.doFilter(WebAppFilterChain.java:187):187
	at com.caucho.server.dispatch.ServletInvocation.service(ServletInvocation.java:265):265
	at com.caucho.server.hmux.HmuxRequest.handleRequest(HmuxRequest.java:436):436
	at com.caucho.server.port.TcpConnection.run(TcpConnection.java:682):682
	at com.caucho.util.ThreadPool$Item.runTasks(ThreadPool.java:743):743
	at com.caucho.util.ThreadPool$Item.run(ThreadPool.java:662):662
	at java.lang.Thread.run(Thread.java:662):662
"
"ERROR","web-0","10/17/2012","08:55:35","","datasource [fgbc_main_3] doesn't exist
	at railo.runtime.config.ConfigImpl.getDataSource(ConfigImpl.java:2561):2561
	at railo.runtime.tag.Query.setDatasource(Query.java:214):214
	at control_cfc$cf._1(/home/fgbcalur/public_html/imagine/control.cfc:139):139
	at control_cfc$cf.udfCall(/home/fgbcalur/public_html/imagine/control.cfc):-1
	at railo.runtime.type.UDFImpl.implementation(UDFImpl.java:215):215
	at railo.runtime.type.UDFImpl._call(UDFImpl.java:434):434
	at railo.runtime.type.UDFImpl.callWithNamedValues(UDFImpl.java:377):377
	at railo.runtime.ComponentImpl._call(ComponentImpl.java:616):616
	at railo.runtime.ComponentImpl._call(ComponentImpl.java:502):502
	at railo.runtime.ComponentImpl.callWithNamedValues(ComponentImpl.java:1830):1830
	at railo.runtime.tag.Invoke.doComponent(Invoke.java:210):210
	at railo.runtime.tag.Invoke.doEndTag(Invoke.java:183):183
	at checkin_cfm$cf.call(/home/fgbcalur/public_html/imagine/checkin.cfm:6):6
	at railo.runtime.PageContextImpl.doInclude(PageContextImpl.java:799):799
	at railo.runtime.PageContextImpl.doInclude(PageContextImpl.java:751):751
	at railo.runtime.listener.ModernAppListener._onRequest(ModernAppListener.java:179):179
	at railo.runtime.listener.MixedAppListener.onRequest(MixedAppListener.java:23):23
	at railo.runtime.PageContextImpl.execute(PageContextImpl.java:2035):2035
	at railo.runtime.PageContextImpl.execute(PageContextImpl.java:2002):2002
	at railo.runtime.engine.CFMLEngineImpl.serviceCFML(CFMLEngineImpl.java:297):297
	at railo.loader.servlet.CFMLServlet.service(CFMLServlet.java:32):32
	at javax.servlet.http.HttpServlet.service(HttpServlet.java:91):91
	at com.caucho.server.dispatch.ServletFilterChain.doFilter(ServletFilterChain.java:103):103
	at com.caucho.server.webapp.WebAppFilterChain.doFilter(WebAppFilterChain.java:187):187
	at com.caucho.server.dispatch.ServletInvocation.service(ServletInvocation.java:265):265
	at com.caucho.server.hmux.HmuxRequest.handleRequest(HmuxRequest.java:436):436
	at com.caucho.server.port.TcpConnection.run(TcpConnection.java:682):682
	at com.caucho.util.ThreadPool$Item.runTasks(ThreadPool.java:743):743
	at com.caucho.util.ThreadPool$Item.run(ThreadPool.java:662):662
	at java.lang.Thread.run(Thread.java:662):662
"
